2025-07-05 17:40:51 fix crash issue
2025-11-25 05:39:45 add sample data
2025-03-18 00:22:10 fix config bug
2025-07-23 13:08:05 add fallback
2025-09-10 12:02:04 fix async issue
2025-01-08 06:30:57 better defaults
2025-01-19 23:54:28 update configs
2025-03-29 03:54:12 update docs with examples
2025-05-18 09:31:14 add helper function
2025-09-25 10:27:56 cleanup code
2025-02-11 20:40:17 tweak configs
2025-08-21 03:14:05 add helper function
2025-09-10 06:31:03 adjust validation rules
2025-06-09 10:02:29 add helper function
2025-05-02 15:09:56 security patch
2025-11-15 05:36:42 update dependencies
2025-04-26 00:23:33 update headers
2025-09-22 12:19:37 change configuration
2025-07-23 03:49:39 fix typo in code
2025-12-23 18:58:13 merge branch
